<?xml version="1.0" encoding="UTF-8"?>
<!-- Generated by org.testng.reporters.JUnitReportReporter -->
<testsuite skipped="0" hostname="DESKTOP-Q34LV8O" name="org.example.testRunner.Runner" tests="12" failures="1" timestamp="2023-03-29T00:09:15 EET" time="245.802" errors="0">
  <testcase name="runScenario" time="18.573" classname="org.example.testRunner.Runner">
    <failure type="java.lang.AssertionError" message="The following asserts failed:
	expected [true] but found [false]">
      <![CDATA[java.lang.AssertionError: The following asserts failed:
expected [true] but found [false]
at org.testng.asserts.SoftAssert.assertAll(SoftAssert.java:46)
at org.testng.asserts.SoftAssert.assertAll(SoftAssert.java:30)
at org.example.stepDefinitions.TC03_search.TheProducts(TC03_search.java:32)
at âœ½.User See The Products "book"(file:///C:/Users/Moustafa/IdeaProjects/Maven_ODC/src/main/resources/features/F03_Search.feature:11)
]]>
    </failure>
  </testcase> <!-- runScenario -->
  <system-out/>
  <testcase name="runScenario" time="23.117" classname="org.example.testRunner.Runner"/>
  <system-out/>
  <testcase name="runScenario" time="17.800" classname="org.example.testRunner.Runner"/>
  <system-out/>
  <testcase name="runScenario" time="14.251" classname="org.example.testRunner.Runner"/>
  <system-out/>
  <testcase name="runScenario" time="22.767" classname="org.example.testRunner.Runner"/>
  <system-out/>
  <testcase name="runScenario" time="24.683" classname="org.example.testRunner.Runner"/>
  <system-out/>
  <testcase name="runScenario" time="22.062" classname="org.example.testRunner.Runner"/>
  <system-out/>
  <testcase name="runScenario" time="29.545" classname="org.example.testRunner.Runner"/>
  <system-out/>
  <testcase name="runScenario" time="18.862" classname="org.example.testRunner.Runner"/>
  <system-out/>
  <testcase name="runScenario" time="18.461" classname="org.example.testRunner.Runner"/>
  <system-out/>
  <testcase name="runScenario" time="16.652" classname="org.example.testRunner.Runner"/>
  <system-out/>
  <testcase name="runScenario" time="19.029" classname="org.example.testRunner.Runner"/>
  <system-out/>
</testsuite> <!-- org.example.testRunner.Runner -->
